<?xml version="1.0" encoding="UTF-8"?>
<testng-results ignored="0" total="1" passed="1" failed="0" skipped="0">
  <reporter-output>
  </reporter-output>
  <suite started-at="2018-12-07T04:47:07Z" name="Surefire suite" finished-at="2018-12-07T04:47:22Z" duration-ms="14619">
    <groups>
    </groups>
    <test started-at="2018-12-07T04:47:07Z" name="Surefire test" finished-at="2018-12-07T04:47:22Z" duration-ms="14619">
      <class name="com.qa.test.login">
        <test-method is-config="true" signature="Beforemethod()[pri:0, instance:com.qa.test.login@2ef3eef9]" started-at="2018-12-07T10:17:07Z" name="Beforemethod" finished-at="2018-12-07T10:17:11Z" duration-ms="3862" status="PASS">
          <reporter-output>
          </reporter-output>
        </test-method> <!-- Beforemethod -->
        <test-method signature="actions()[pri:3, instance:com.qa.test.login@2ef3eef9]" started-at="2018-12-07T10:17:11Z" name="actions" finished-at="2018-12-07T10:17:22Z" duration-ms="10738" status="PASS">
          <reporter-output>
          </reporter-output>
        </test-method> <!-- actions -->
      </class> <!-- com.qa.test.login -->
    </test> <!-- Surefire test -->
  </suite> <!-- Surefire suite -->
</testng-results>
