<?xml version="1.0" encoding="UTF-8"?>
<testng-results ignored="0" total="1" passed="1" failed="0" skipped="0">
  <reporter-output>
  </reporter-output>
  <suite started-at="2018-12-09T03:28:02Z" name="Surefire suite" finished-at="2018-12-09T03:28:28Z" duration-ms="25119">
    <groups>
    </groups>
    <test started-at="2018-12-09T03:28:02Z" name="Surefire test" finished-at="2018-12-09T03:28:28Z" duration-ms="25119">
      <class name="com.qa.test.login">
        <test-method is-config="true" signature="Beforemethod()[pri:0, instance:com.qa.test.login@2ef3eef9]" started-at="2018-12-09T08:58:03Z" name="Beforemethod" finished-at="2018-12-09T08:58:12Z" duration-ms="9850" status="PASS">
          <reporter-output>
          </reporter-output>
        </test-method> <!-- Beforemethod -->
        <test-method signature="actions()[pri:1, instance:com.qa.test.login@2ef3eef9]" started-at="2018-12-09T08:58:12Z" name="actions" finished-at="2018-12-09T08:58:28Z" duration-ms="15245" status="PASS">
          <reporter-output>
          </reporter-output>
        </test-method> <!-- actions -->
      </class> <!-- com.qa.test.login -->
    </test> <!-- Surefire test -->
  </suite> <!-- Surefire suite -->
</testng-results>
