<?xml version="1.0" encoding="UTF-8"?>
<!-- Generated by org.testng.reporters.JUnitXMLReporter -->
<testsuite ignored="0" hostname="LAPTOP-BT0O8U0O" failures="0" tests="4" name="POM Test cases" time="61.212" errors="0" timestamp="15 Dec 2018 11:28:26 GMT">
  <testcase classname="com.axisbank.qa.testcases.SaavingsAccountTest" name="navigate" time="0.536"/>
  <testcase classname="com.axisbank.qa.testcases.Savings_EasyAccessSA_Test" name="SubmitFormTest" time="7.689"/>
  <testcase classname="com.axisbank.qa.testcases.HomePageTest" name="logotest" time="0.039"/>
  <testcase classname="com.axisbank.qa.testcases.HomePageTest" name="Navigatetest" time="2.147"/>
</testsuite> <!-- POM Test cases -->
