<?xml version="1.0" encoding="UTF-8"?>
<testng-results ignored="0" total="1" passed="1" failed="0" skipped="0">
  <reporter-output>
  </reporter-output>
  <suite started-at="2018-12-11T17:42:03Z" name="Default suite" finished-at="2018-12-11T17:42:23Z" duration-ms="20092">
    <groups>
    </groups>
    <test started-at="2018-12-11T17:42:03Z" name="Default test" finished-at="2018-12-11T17:42:23Z" duration-ms="20092">
      <class name="com.axisbank.qa.testcases.Savings_EasyAccessSA_Test">
        <test-method is-config="true" signature="SetUp()[pri:0, instance:com.axisbank.qa.testcases.Savings_EasyAccessSA_Test@6200f9cb]" started-at="2018-12-11T23:12:03Z" name="SetUp" finished-at="2018-12-11T23:12:16Z" duration-ms="12770" status="PASS">
          <reporter-output>
          </reporter-output>
        </test-method> <!-- SetUp -->
        <test-method signature="SubmitFormTest()[pri:0, instance:com.axisbank.qa.testcases.Savings_EasyAccessSA_Test@6200f9cb]" started-at="2018-12-11T23:12:16Z" name="SubmitFormTest" finished-at="2018-12-11T23:12:22Z" duration-ms="6556" status="PASS">
          <reporter-output>
          </reporter-output>
        </test-method> <!-- SubmitFormTest -->
        <test-method is-config="true" signature="TearDown()[pri:0, instance:com.axisbank.qa.testcases.Savings_EasyAccessSA_Test@6200f9cb]" started-at="2018-12-11T23:12:22Z" name="TearDown" finished-at="2018-12-11T23:12:23Z" duration-ms="746" status="PASS">
          <reporter-output>
          </reporter-output>
        </test-method> <!-- TearDown -->
      </class> <!-- com.axisbank.qa.testcases.Savings_EasyAccessSA_Test -->
    </test> <!-- Default test -->
  </suite> <!-- Default suite -->
</testng-results>
